<?xml version="1.0" encoding="UTF-8"?>
<robot generator="Robot 7.1 (Python 3.13.0 on win32)" generated="2024-10-15T11:59:54.291575" rpa="false" schemaversion="5">
<suite id="s1" name="Preenchimento Correto" source="C:\Users\92006\Desktop\Logica\Curso_Robot\testes\preenchimento_correto.robot">
<test id="s1-t1" name="Abrir o navegador e acessar o site do organo" line="5">
<kw name="Open Browser" owner="SeleniumLibrary">
<msg time="2024-10-15T11:59:54.559613" level="INFO">Opening browser 'Chrome' to base url 'http://localhost:3000'.</msg>
<arg>url=http://localhost:3000</arg>
<arg>browser=Chrome</arg>
<doc>Opens a new browser instance to the optional ``url``.</doc>
<status status="PASS" start="2024-10-15T11:59:54.559280" elapsed="2.259871"/>
</kw>
<status status="PASS" start="2024-10-15T11:59:54.557867" elapsed="2.262206"/>
</test>
<test id="s1-t2" name="Preencher os campos do formulário" line="8">
<kw name="Input Text" owner="SeleniumLibrary">
<msg time="2024-10-15T11:59:56.829945" level="INFO">Typing text 'Akemi' into text field 'id:form-nome'.</msg>
<msg time="2024-10-15T11:59:57.575820" level="INFO" html="true">&lt;/td&gt;&lt;/tr&gt;&lt;tr&gt;&lt;td colspan="3"&gt;&lt;a href="selenium-screenshot-1.png"&gt;&lt;img src="selenium-screenshot-1.png" width="800px"&gt;&lt;/a&gt;</msg>
<msg time="2024-10-15T11:59:57.576199" level="FAIL">Element with locator 'id:form-nome' not found.</msg>
<arg>id:form-nome</arg>
<arg>Akemi</arg>
<doc>Types the given ``text`` into the text field identified by ``locator``.</doc>
<status status="FAIL" start="2024-10-15T11:59:56.829310" elapsed="0.754305">Element with locator 'id:form-nome' not found.</status>
</kw>
<kw name="Input Text" owner="SeleniumLibrary">
<arg>id:form-cargo</arg>
<arg>Desenvolvedora</arg>
<doc>Types the given ``text`` into the text field identified by ``locator``.</doc>
<status status="NOT RUN" start="2024-10-15T11:59:57.584467" elapsed="0.000146"/>
</kw>
<kw name="Input Text" owner="SeleniumLibrary">
<arg>id:form-imagem</arg>
<arg>https://picsum.photos/200/300</arg>
<doc>Types the given ``text`` into the text field identified by ``locator``.</doc>
<status status="NOT RUN" start="2024-10-15T11:59:57.585204" elapsed="0.000092"/>
</kw>
<kw name="Click Element" owner="SeleniumLibrary">
<arg>class:lista-suspensa</arg>
<doc>Click the element identified by ``locator``.</doc>
<status status="NOT RUN" start="2024-10-15T11:59:57.585741" elapsed="0.000072"/>
</kw>
<kw name="Click Element" owner="SeleniumLibrary">
<arg>//option[contains(.,'Programação')]</arg>
<doc>Click the element identified by ``locator``.</doc>
<status status="NOT RUN" start="2024-10-15T11:59:57.586229" elapsed="0.000066"/>
</kw>
<kw name="Sleep" owner="BuiltIn">
<arg>10s</arg>
<doc>Pauses the test executed for the given time.</doc>
<status status="NOT RUN" start="2024-10-15T11:59:57.586773" elapsed="0.000068"/>
</kw>
<kw name="Click Element" owner="SeleniumLibrary">
<arg>id:form-botao</arg>
<doc>Click the element identified by ``locator``.</doc>
<status status="NOT RUN" start="2024-10-15T11:59:57.587219" elapsed="0.000063"/>
</kw>
<kw name="Element Should Be Visible" owner="SeleniumLibrary">
<arg>class:colaborador</arg>
<doc>Verifies that the element identified by ``locator`` is visible.</doc>
<status status="NOT RUN" start="2024-10-15T11:59:57.587662" elapsed="0.000061"/>
</kw>
<kw name="Sleep" owner="BuiltIn">
<arg>5s</arg>
<doc>Pauses the test executed for the given time.</doc>
<status status="NOT RUN" start="2024-10-15T11:59:57.588084" elapsed="0.000056"/>
</kw>
<status status="FAIL" start="2024-10-15T11:59:56.824088" elapsed="0.764562">Element with locator 'id:form-nome' not found.</status>
</test>
<status status="FAIL" start="2024-10-15T11:59:54.294197" elapsed="3.296094"/>
</suite>
<statistics>
<total>
<stat pass="1" fail="1" skip="0">All Tests</stat>
</total>
<tag>
</tag>
<suite>
<stat pass="1" fail="1" skip="0" id="s1" name="Preenchimento Correto">Preenchimento Correto</stat>
</suite>
</statistics>
<errors>
</errors>
</robot>
